{"/Users/ver/Desktop/feriMag/RIRS/RIRS-1/backend/routes/expenseRouter.js": {"path":"/Users/ver/Desktop/feriMag/RIRS/RIRS-1/backend/routes/expenseRouter.js","statementMap":{"0":{"start":{"line":1,"column":16},"end":{"line":1,"column":34}},"1":{"start":{"line":2,"column":16},"end":{"line":2,"column":45}},"2":{"start":{"line":3,"column":23},"end":{"line":3,"column":61}},"3":{"start":{"line":4,"column":12},"end":{"line":4,"column":35}},"4":{"start":{"line":6,"column":19},"end":{"line":6,"column":33}},"5":{"start":{"line":8,"column":15},"end":{"line":8,"column":31}},"6":{"start":{"line":10,"column":26},"end":{"line":19,"column":1}},"7":{"start":{"line":11,"column":16},"end":{"line":11,"column":59}},"8":{"start":{"line":12,"column":2},"end":{"line":12,"column":80}},"9":{"start":{"line":12,"column":14},"end":{"line":12,"column":80}},"10":{"start":{"line":14,"column":2},"end":{"line":18,"column":5}},"11":{"start":{"line":15,"column":4},"end":{"line":15,"column":71}},"12":{"start":{"line":15,"column":13},"end":{"line":15,"column":71}},"13":{"start":{"line":16,"column":4},"end":{"line":16,"column":20}},"14":{"start":{"line":17,"column":4},"end":{"line":17,"column":11}},"15":{"start":{"line":22,"column":0},"end":{"line":29,"column":3}},"16":{"start":{"line":23,"column":2},"end":{"line":28,"column":3}},"17":{"start":{"line":24,"column":21},"end":{"line":24,"column":49}},"18":{"start":{"line":25,"column":4},"end":{"line":25,"column":23}},"19":{"start":{"line":27,"column":4},"end":{"line":27,"column":51}},"20":{"start":{"line":32,"column":0},"end":{"line":48,"column":3}},"21":{"start":{"line":33,"column":2},"end":{"line":47,"column":3}},"22":{"start":{"line":35,"column":21},"end":{"line":37,"column":24}},"23":{"start":{"line":40,"column":4},"end":{"line":42,"column":5}},"24":{"start":{"line":41,"column":6},"end":{"line":41,"column":82}},"25":{"start":{"line":44,"column":4},"end":{"line":44,"column":23}},"26":{"start":{"line":46,"column":4},"end":{"line":46,"column":51}},"27":{"start":{"line":52,"column":0},"end":{"line":61,"column":3}},"28":{"start":{"line":53,"column":2},"end":{"line":60,"column":3}},"29":{"start":{"line":54,"column":20},"end":{"line":54,"column":53}},"30":{"start":{"line":55,"column":20},"end":{"line":55,"column":40}},"31":{"start":{"line":56,"column":4},"end":{"line":56,"column":80}},"32":{"start":{"line":56,"column":18},"end":{"line":56,"column":80}},"33":{"start":{"line":57,"column":4},"end":{"line":57,"column":22}},"34":{"start":{"line":59,"column":4},"end":{"line":59,"column":51}},"35":{"start":{"line":64,"column":0},"end":{"line":71,"column":3}},"36":{"start":{"line":65,"column":2},"end":{"line":70,"column":3}},"37":{"start":{"line":66,"column":23},"end":{"line":66,"column":68}},"38":{"start":{"line":67,"column":4},"end":{"line":67,"column":37}},"39":{"start":{"line":69,"column":4},"end":{"line":69,"column":51}},"40":{"start":{"line":74,"column":0},"end":{"line":85,"column":3}},"41":{"start":{"line":75,"column":2},"end":{"line":84,"column":3}},"42":{"start":{"line":76,"column":20},"end":{"line":76,"column":53}},"43":{"start":{"line":77,"column":27},"end":{"line":77,"column":58}},"44":{"start":{"line":78,"column":4},"end":{"line":80,"column":5}},"45":{"start":{"line":79,"column":6},"end":{"line":79,"column":66}},"46":{"start":{"line":81,"column":4},"end":{"line":81,"column":29}},"47":{"start":{"line":83,"column":4},"end":{"line":83,"column":51}},"48":{"start":{"line":88,"column":0},"end":{"line":98,"column":3}},"49":{"start":{"line":89,"column":2},"end":{"line":97,"column":3}},"50":{"start":{"line":90,"column":20},"end":{"line":90,"column":53}},"51":{"start":{"line":91,"column":27},"end":{"line":91,"column":56}},"52":{"start":{"line":92,"column":4},"end":{"line":93,"column":68}},"53":{"start":{"line":93,"column":6},"end":{"line":93,"column":68}},"54":{"start":{"line":94,"column":4},"end":{"line":94,"column":45}},"55":{"start":{"line":96,"column":4},"end":{"line":96,"column":51}},"56":{"start":{"line":100,"column":0},"end":{"line":100,"column":24}}},"fnMap":{"0":{"name":"(anonymous_0)","decl":{"start":{"line":10,"column":26},"end":{"line":10,"column":27}},"loc":{"start":{"line":10,"column":46},"end":{"line":19,"column":1}},"line":10},"1":{"name":"(anonymous_1)","decl":{"start":{"line":14,"column":32},"end":{"line":14,"column":33}},"loc":{"start":{"line":14,"column":47},"end":{"line":18,"column":3}},"line":14},"2":{"name":"(anonymous_2)","decl":{"start":{"line":22,"column":36},"end":{"line":22,"column":37}},"loc":{"start":{"line":22,"column":56},"end":{"line":29,"column":1}},"line":22},"3":{"name":"(anonymous_3)","decl":{"start":{"line":32,"column":42},"end":{"line":32,"column":43}},"loc":{"start":{"line":32,"column":62},"end":{"line":48,"column":1}},"line":32},"4":{"name":"(anonymous_4)","decl":{"start":{"line":52,"column":38},"end":{"line":52,"column":39}},"loc":{"start":{"line":52,"column":58},"end":{"line":61,"column":1}},"line":52},"5":{"name":"(anonymous_5)","decl":{"start":{"line":64,"column":36},"end":{"line":64,"column":37}},"loc":{"start":{"line":64,"column":56},"end":{"line":71,"column":1}},"line":64},"6":{"name":"(anonymous_6)","decl":{"start":{"line":74,"column":38},"end":{"line":74,"column":39}},"loc":{"start":{"line":74,"column":58},"end":{"line":85,"column":1}},"line":74},"7":{"name":"(anonymous_7)","decl":{"start":{"line":88,"column":41},"end":{"line":88,"column":42}},"loc":{"start":{"line":88,"column":61},"end":{"line":98,"column":1}},"line":88}},"branchMap":{"0":{"loc":{"start":{"line":12,"column":2},"end":{"line":12,"column":80}},"type":"if","locations":[{"start":{"line":12,"column":2},"end":{"line":12,"column":80}},{"start":{},"end":{}}],"line":12},"1":{"loc":{"start":{"line":15,"column":4},"end":{"line":15,"column":71}},"type":"if","locations":[{"start":{"line":15,"column":4},"end":{"line":15,"column":71}},{"start":{},"end":{}}],"line":15},"2":{"loc":{"start":{"line":40,"column":4},"end":{"line":42,"column":5}},"type":"if","locations":[{"start":{"line":40,"column":4},"end":{"line":42,"column":5}},{"start":{},"end":{}}],"line":40},"3":{"loc":{"start":{"line":40,"column":8},"end":{"line":40,"column":42}},"type":"binary-expr","locations":[{"start":{"line":40,"column":8},"end":{"line":40,"column":17}},{"start":{"line":40,"column":21},"end":{"line":40,"column":42}}],"line":40},"4":{"loc":{"start":{"line":56,"column":4},"end":{"line":56,"column":80}},"type":"if","locations":[{"start":{"line":56,"column":4},"end":{"line":56,"column":80}},{"start":{},"end":{}}],"line":56},"5":{"loc":{"start":{"line":78,"column":4},"end":{"line":80,"column":5}},"type":"if","locations":[{"start":{"line":78,"column":4},"end":{"line":80,"column":5}},{"start":{},"end":{}}],"line":78},"6":{"loc":{"start":{"line":92,"column":4},"end":{"line":93,"column":68}},"type":"if","locations":[{"start":{"line":92,"column":4},"end":{"line":93,"column":68}},{"start":{},"end":{}}],"line":92}},"s":{"0":1,"1":1,"2":1,"3":1,"4":1,"5":1,"6":1,"7":4,"8":4,"9":1,"10":3,"11":3,"12":0,"13":3,"14":3,"15":1,"16":1,"17":1,"18":1,"19":0,"20":1,"21":0,"22":0,"23":0,"24":0,"25":0,"26":0,"27":1,"28":0,"29":0,"30":0,"31":0,"32":0,"33":0,"34":0,"35":1,"36":1,"37":1,"38":1,"39":0,"40":1,"41":0,"42":0,"43":0,"44":0,"45":0,"46":0,"47":0,"48":1,"49":1,"50":1,"51":1,"52":1,"53":0,"54":1,"55":0,"56":1},"f":{"0":4,"1":3,"2":1,"3":0,"4":0,"5":1,"6":0,"7":1},"b":{"0":[1,3],"1":[0,3],"2":[0,0],"3":[0,0],"4":[0,0],"5":[0,0],"6":[0,1]},"_coverageSchema":"1a1c01bbd47fc00a2c39e90264f33305004495a9","hash":"0b55fe5583454773df9b74f36fefdc9cc6143e6d"}
,"/Users/ver/Desktop/feriMag/RIRS/RIRS-1/backend/routes/groupRouter.js": {"path":"/Users/ver/Desktop/feriMag/RIRS/RIRS-1/backend/routes/groupRouter.js","statementMap":{"0":{"start":{"line":1,"column":16},"end":{"line":1,"column":34}},"1":{"start":{"line":2,"column":14},"end":{"line":2,"column":41}},"2":{"start":{"line":3,"column":21},"end":{"line":3,"column":56}},"3":{"start":{"line":4,"column":12},"end":{"line":4,"column":35}},"4":{"start":{"line":5,"column":19},"end":{"line":5,"column":33}},"5":{"start":{"line":7,"column":15},"end":{"line":7,"column":31}},"6":{"start":{"line":9,"column":26},"end":{"line":18,"column":1}},"7":{"start":{"line":10,"column":16},"end":{"line":10,"column":59}},"8":{"start":{"line":11,"column":2},"end":{"line":11,"column":80}},"9":{"start":{"line":11,"column":14},"end":{"line":11,"column":80}},"10":{"start":{"line":13,"column":2},"end":{"line":17,"column":5}},"11":{"start":{"line":14,"column":4},"end":{"line":14,"column":71}},"12":{"start":{"line":14,"column":13},"end":{"line":14,"column":71}},"13":{"start":{"line":15,"column":4},"end":{"line":15,"column":20}},"14":{"start":{"line":16,"column":4},"end":{"line":16,"column":11}},"15":{"start":{"line":21,"column":0},"end":{"line":28,"column":3}},"16":{"start":{"line":22,"column":2},"end":{"line":27,"column":3}},"17":{"start":{"line":23,"column":19},"end":{"line":23,"column":49}},"18":{"start":{"line":24,"column":4},"end":{"line":24,"column":21}},"19":{"start":{"line":26,"column":4},"end":{"line":26,"column":51}},"20":{"start":{"line":31,"column":0},"end":{"line":39,"column":3}},"21":{"start":{"line":32,"column":2},"end":{"line":38,"column":3}},"22":{"start":{"line":33,"column":18},"end":{"line":33,"column":62}},"23":{"start":{"line":34,"column":4},"end":{"line":34,"column":76}},"24":{"start":{"line":34,"column":16},"end":{"line":34,"column":76}},"25":{"start":{"line":35,"column":4},"end":{"line":35,"column":20}},"26":{"start":{"line":37,"column":4},"end":{"line":37,"column":51}},"27":{"start":{"line":42,"column":0},"end":{"line":49,"column":3}},"28":{"start":{"line":43,"column":2},"end":{"line":48,"column":3}},"29":{"start":{"line":44,"column":18},"end":{"line":44,"column":52}},"30":{"start":{"line":45,"column":4},"end":{"line":45,"column":32}},"31":{"start":{"line":47,"column":4},"end":{"line":47,"column":51}},"32":{"start":{"line":52,"column":0},"end":{"line":61,"column":3}},"33":{"start":{"line":53,"column":2},"end":{"line":60,"column":3}},"34":{"start":{"line":54,"column":25},"end":{"line":54,"column":80}},"35":{"start":{"line":55,"column":4},"end":{"line":56,"column":66}},"36":{"start":{"line":56,"column":6},"end":{"line":56,"column":66}},"37":{"start":{"line":57,"column":4},"end":{"line":57,"column":27}},"38":{"start":{"line":59,"column":4},"end":{"line":59,"column":51}},"39":{"start":{"line":64,"column":0},"end":{"line":74,"column":3}},"40":{"start":{"line":65,"column":2},"end":{"line":73,"column":3}},"41":{"start":{"line":66,"column":25},"end":{"line":66,"column":56}},"42":{"start":{"line":67,"column":4},"end":{"line":67,"column":36}},"43":{"start":{"line":68,"column":4},"end":{"line":69,"column":66}},"44":{"start":{"line":69,"column":6},"end":{"line":69,"column":66}},"45":{"start":{"line":70,"column":4},"end":{"line":70,"column":43}},"46":{"start":{"line":72,"column":4},"end":{"line":72,"column":51}},"47":{"start":{"line":76,"column":0},"end":{"line":76,"column":24}}},"fnMap":{"0":{"name":"(anonymous_0)","decl":{"start":{"line":9,"column":26},"end":{"line":9,"column":27}},"loc":{"start":{"line":9,"column":46},"end":{"line":18,"column":1}},"line":9},"1":{"name":"(anonymous_1)","decl":{"start":{"line":13,"column":32},"end":{"line":13,"column":33}},"loc":{"start":{"line":13,"column":47},"end":{"line":17,"column":3}},"line":13},"2":{"name":"(anonymous_2)","decl":{"start":{"line":21,"column":36},"end":{"line":21,"column":37}},"loc":{"start":{"line":21,"column":56},"end":{"line":28,"column":1}},"line":21},"3":{"name":"(anonymous_3)","decl":{"start":{"line":31,"column":38},"end":{"line":31,"column":39}},"loc":{"start":{"line":31,"column":58},"end":{"line":39,"column":1}},"line":31},"4":{"name":"(anonymous_4)","decl":{"start":{"line":42,"column":36},"end":{"line":42,"column":37}},"loc":{"start":{"line":42,"column":56},"end":{"line":49,"column":1}},"line":42},"5":{"name":"(anonymous_5)","decl":{"start":{"line":52,"column":38},"end":{"line":52,"column":39}},"loc":{"start":{"line":52,"column":58},"end":{"line":61,"column":1}},"line":52},"6":{"name":"(anonymous_6)","decl":{"start":{"line":64,"column":41},"end":{"line":64,"column":42}},"loc":{"start":{"line":64,"column":61},"end":{"line":74,"column":1}},"line":64}},"branchMap":{"0":{"loc":{"start":{"line":11,"column":2},"end":{"line":11,"column":80}},"type":"if","locations":[{"start":{"line":11,"column":2},"end":{"line":11,"column":80}},{"start":{},"end":{}}],"line":11},"1":{"loc":{"start":{"line":14,"column":4},"end":{"line":14,"column":71}},"type":"if","locations":[{"start":{"line":14,"column":4},"end":{"line":14,"column":71}},{"start":{},"end":{}}],"line":14},"2":{"loc":{"start":{"line":34,"column":4},"end":{"line":34,"column":76}},"type":"if","locations":[{"start":{"line":34,"column":4},"end":{"line":34,"column":76}},{"start":{},"end":{}}],"line":34},"3":{"loc":{"start":{"line":55,"column":4},"end":{"line":56,"column":66}},"type":"if","locations":[{"start":{"line":55,"column":4},"end":{"line":56,"column":66}},{"start":{},"end":{}}],"line":55},"4":{"loc":{"start":{"line":68,"column":4},"end":{"line":69,"column":66}},"type":"if","locations":[{"start":{"line":68,"column":4},"end":{"line":69,"column":66}},{"start":{},"end":{}}],"line":68}},"s":{"0":1,"1":1,"2":1,"3":1,"4":1,"5":1,"6":1,"7":3,"8":3,"9":1,"10":2,"11":2,"12":0,"13":2,"14":2,"15":1,"16":1,"17":1,"18":1,"19":0,"20":1,"21":0,"22":0,"23":0,"24":0,"25":0,"26":0,"27":1,"28":0,"29":0,"30":0,"31":0,"32":1,"33":0,"34":0,"35":0,"36":0,"37":0,"38":0,"39":1,"40":1,"41":1,"42":1,"43":1,"44":0,"45":1,"46":0,"47":1},"f":{"0":3,"1":2,"2":1,"3":0,"4":0,"5":0,"6":1},"b":{"0":[1,2],"1":[0,2],"2":[0,0],"3":[0,0],"4":[0,1]},"_coverageSchema":"1a1c01bbd47fc00a2c39e90264f33305004495a9","hash":"bd99418bd75f0ff1d57e873016bfb9d7f7d98e40"}
,"/Users/ver/Desktop/feriMag/RIRS/RIRS-1/backend/routes/userRouter.js": {"path":"/Users/ver/Desktop/feriMag/RIRS/RIRS-1/backend/routes/userRouter.js","statementMap":{"0":{"start":{"line":1,"column":16},"end":{"line":1,"column":34}},"1":{"start":{"line":2,"column":13},"end":{"line":2,"column":39}},"2":{"start":{"line":3,"column":15},"end":{"line":3,"column":31}},"3":{"start":{"line":4,"column":15},"end":{"line":4,"column":32}},"4":{"start":{"line":5,"column":15},"end":{"line":5,"column":34}},"5":{"start":{"line":6,"column":12},"end":{"line":6,"column":35}},"6":{"start":{"line":8,"column":19},"end":{"line":8,"column":33}},"7":{"start":{"line":10,"column":26},"end":{"line":19,"column":1}},"8":{"start":{"line":11,"column":16},"end":{"line":11,"column":59}},"9":{"start":{"line":12,"column":2},"end":{"line":12,"column":80}},"10":{"start":{"line":12,"column":14},"end":{"line":12,"column":80}},"11":{"start":{"line":14,"column":2},"end":{"line":18,"column":5}},"12":{"start":{"line":15,"column":4},"end":{"line":15,"column":71}},"13":{"start":{"line":15,"column":13},"end":{"line":15,"column":71}},"14":{"start":{"line":16,"column":4},"end":{"line":16,"column":20}},"15":{"start":{"line":17,"column":4},"end":{"line":17,"column":11}},"16":{"start":{"line":22,"column":0},"end":{"line":29,"column":3}},"17":{"start":{"line":23,"column":2},"end":{"line":28,"column":3}},"18":{"start":{"line":24,"column":18},"end":{"line":24,"column":35}},"19":{"start":{"line":25,"column":4},"end":{"line":25,"column":20}},"20":{"start":{"line":27,"column":4},"end":{"line":27,"column":51}},"21":{"start":{"line":32,"column":0},"end":{"line":40,"column":3}},"22":{"start":{"line":33,"column":2},"end":{"line":39,"column":3}},"23":{"start":{"line":34,"column":17},"end":{"line":34,"column":51}},"24":{"start":{"line":35,"column":4},"end":{"line":35,"column":74}},"25":{"start":{"line":35,"column":15},"end":{"line":35,"column":74}},"26":{"start":{"line":36,"column":4},"end":{"line":36,"column":19}},"27":{"start":{"line":38,"column":4},"end":{"line":38,"column":51}},"28":{"start":{"line":43,"column":0},"end":{"line":72,"column":3}},"29":{"start":{"line":44,"column":25},"end":{"line":44,"column":33}},"30":{"start":{"line":47,"column":16},"end":{"line":47,"column":71}},"31":{"start":{"line":50,"column":24},"end":{"line":50,"column":60}},"32":{"start":{"line":53,"column":21},"end":{"line":53,"column":23}},"33":{"start":{"line":54,"column":2},"end":{"line":71,"column":3}},"34":{"start":{"line":55,"column":27},"end":{"line":55,"column":71}},"35":{"start":{"line":57,"column":17},"end":{"line":62,"column":6}},"36":{"start":{"line":64,"column":20},"end":{"line":64,"column":37}},"37":{"start":{"line":65,"column":4},"end":{"line":68,"column":7}},"38":{"start":{"line":70,"column":4},"end":{"line":70,"column":51}},"39":{"start":{"line":75,"column":0},"end":{"line":98,"column":3}},"40":{"start":{"line":76,"column":30},"end":{"line":76,"column":38}},"41":{"start":{"line":78,"column":2},"end":{"line":97,"column":3}},"42":{"start":{"line":79,"column":17},"end":{"line":79,"column":46}},"43":{"start":{"line":80,"column":4},"end":{"line":80,"column":74}},"44":{"start":{"line":80,"column":15},"end":{"line":80,"column":74}},"45":{"start":{"line":82,"column":28},"end":{"line":82,"column":73}},"46":{"start":{"line":83,"column":4},"end":{"line":84,"column":70}},"47":{"start":{"line":84,"column":6},"end":{"line":84,"column":70}},"48":{"start":{"line":86,"column":18},"end":{"line":88,"column":6}},"49":{"start":{"line":89,"column":4},"end":{"line":89,"column":53}},"50":{"start":{"line":91,"column":4},"end":{"line":94,"column":7}},"51":{"start":{"line":96,"column":4},"end":{"line":96,"column":51}},"52":{"start":{"line":104,"column":0},"end":{"line":106,"column":3}},"53":{"start":{"line":105,"column":2},"end":{"line":105,"column":69}},"54":{"start":{"line":109,"column":0},"end":{"line":120,"column":3}},"55":{"start":{"line":110,"column":2},"end":{"line":119,"column":3}},"56":{"start":{"line":111,"column":24},"end":{"line":113,"column":6}},"57":{"start":{"line":114,"column":4},"end":{"line":115,"column":65}},"58":{"start":{"line":115,"column":6},"end":{"line":115,"column":65}},"59":{"start":{"line":116,"column":4},"end":{"line":116,"column":26}},"60":{"start":{"line":118,"column":4},"end":{"line":118,"column":51}},"61":{"start":{"line":123,"column":0},"end":{"line":132,"column":3}},"62":{"start":{"line":124,"column":2},"end":{"line":131,"column":3}},"63":{"start":{"line":125,"column":24},"end":{"line":125,"column":67}},"64":{"start":{"line":126,"column":4},"end":{"line":127,"column":65}},"65":{"start":{"line":127,"column":6},"end":{"line":127,"column":65}},"66":{"start":{"line":128,"column":4},"end":{"line":128,"column":42}},"67":{"start":{"line":130,"column":4},"end":{"line":130,"column":51}},"68":{"start":{"line":134,"column":0},"end":{"line":134,"column":24}}},"fnMap":{"0":{"name":"(anonymous_0)","decl":{"start":{"line":10,"column":26},"end":{"line":10,"column":27}},"loc":{"start":{"line":10,"column":46},"end":{"line":19,"column":1}},"line":10},"1":{"name":"(anonymous_1)","decl":{"start":{"line":14,"column":32},"end":{"line":14,"column":33}},"loc":{"start":{"line":14,"column":47},"end":{"line":18,"column":3}},"line":14},"2":{"name":"(anonymous_2)","decl":{"start":{"line":22,"column":35},"end":{"line":22,"column":36}},"loc":{"start":{"line":22,"column":55},"end":{"line":29,"column":1}},"line":22},"3":{"name":"(anonymous_3)","decl":{"start":{"line":32,"column":38},"end":{"line":32,"column":39}},"loc":{"start":{"line":32,"column":58},"end":{"line":40,"column":1}},"line":32},"4":{"name":"(anonymous_4)","decl":{"start":{"line":43,"column":36},"end":{"line":43,"column":37}},"loc":{"start":{"line":43,"column":56},"end":{"line":72,"column":1}},"line":43},"5":{"name":"(anonymous_5)","decl":{"start":{"line":75,"column":22},"end":{"line":75,"column":23}},"loc":{"start":{"line":75,"column":42},"end":{"line":98,"column":1}},"line":75},"6":{"name":"(anonymous_6)","decl":{"start":{"line":104,"column":44},"end":{"line":104,"column":45}},"loc":{"start":{"line":104,"column":58},"end":{"line":106,"column":1}},"line":104},"7":{"name":"(anonymous_7)","decl":{"start":{"line":109,"column":38},"end":{"line":109,"column":39}},"loc":{"start":{"line":109,"column":58},"end":{"line":120,"column":1}},"line":109},"8":{"name":"(anonymous_8)","decl":{"start":{"line":123,"column":41},"end":{"line":123,"column":42}},"loc":{"start":{"line":123,"column":61},"end":{"line":132,"column":1}},"line":123}},"branchMap":{"0":{"loc":{"start":{"line":12,"column":2},"end":{"line":12,"column":80}},"type":"if","locations":[{"start":{"line":12,"column":2},"end":{"line":12,"column":80}},{"start":{},"end":{}}],"line":12},"1":{"loc":{"start":{"line":15,"column":4},"end":{"line":15,"column":71}},"type":"if","locations":[{"start":{"line":15,"column":4},"end":{"line":15,"column":71}},{"start":{},"end":{}}],"line":15},"2":{"loc":{"start":{"line":35,"column":4},"end":{"line":35,"column":74}},"type":"if","locations":[{"start":{"line":35,"column":4},"end":{"line":35,"column":74}},{"start":{},"end":{}}],"line":35},"3":{"loc":{"start":{"line":80,"column":4},"end":{"line":80,"column":74}},"type":"if","locations":[{"start":{"line":80,"column":4},"end":{"line":80,"column":74}},{"start":{},"end":{}}],"line":80},"4":{"loc":{"start":{"line":83,"column":4},"end":{"line":84,"column":70}},"type":"if","locations":[{"start":{"line":83,"column":4},"end":{"line":84,"column":70}},{"start":{},"end":{}}],"line":83},"5":{"loc":{"start":{"line":114,"column":4},"end":{"line":115,"column":65}},"type":"if","locations":[{"start":{"line":114,"column":4},"end":{"line":115,"column":65}},{"start":{},"end":{}}],"line":114},"6":{"loc":{"start":{"line":126,"column":4},"end":{"line":127,"column":65}},"type":"if","locations":[{"start":{"line":126,"column":4},"end":{"line":127,"column":65}},{"start":{},"end":{}}],"line":126}},"s":{"0":1,"1":1,"2":1,"3":1,"4":1,"5":1,"6":1,"7":1,"8":5,"9":5,"10":1,"11":4,"12":4,"13":0,"14":4,"15":4,"16":1,"17":1,"18":1,"19":1,"20":0,"21":1,"22":1,"23":1,"24":1,"25":0,"26":1,"27":0,"28":1,"29":0,"30":0,"31":0,"32":0,"33":0,"34":0,"35":0,"36":0,"37":0,"38":0,"39":1,"40":2,"41":2,"42":2,"43":2,"44":0,"45":2,"46":2,"47":1,"48":1,"49":1,"50":1,"51":0,"52":1,"53":0,"54":1,"55":1,"56":1,"57":1,"58":0,"59":1,"60":0,"61":1,"62":1,"63":1,"64":1,"65":0,"66":1,"67":0,"68":1},"f":{"0":5,"1":4,"2":1,"3":1,"4":0,"5":2,"6":0,"7":1,"8":1},"b":{"0":[1,4],"1":[0,4],"2":[0,1],"3":[0,2],"4":[1,1],"5":[0,1],"6":[0,1]},"_coverageSchema":"1a1c01bbd47fc00a2c39e90264f33305004495a9","hash":"775ce6a1a407e32ec7bc3269d5e32fae8c22e277"}
,"/Users/ver/Desktop/feriMag/RIRS/RIRS-1/backend/schemas/expense.js": {"path":"/Users/ver/Desktop/feriMag/RIRS/RIRS-1/backend/schemas/expense.js","statementMap":{"0":{"start":{"line":1,"column":17},"end":{"line":1,"column":36}},"1":{"start":{"line":3,"column":22},"end":{"line":10,"column":24}},"2":{"start":{"line":12,"column":0},"end":{"line":12,"column":58}}},"fnMap":{},"branchMap":{},"s":{"0":2,"1":2,"2":2},"f":{},"b":{},"_coverageSchema":"1a1c01bbd47fc00a2c39e90264f33305004495a9","hash":"08f3c8adb90d8556e00ca932fcf6e62e51370967"}
,"/Users/ver/Desktop/feriMag/RIRS/RIRS-1/backend/schemas/group.js": {"path":"/Users/ver/Desktop/feriMag/RIRS/RIRS-1/backend/schemas/group.js","statementMap":{"0":{"start":{"line":1,"column":17},"end":{"line":1,"column":36}},"1":{"start":{"line":3,"column":20},"end":{"line":9,"column":1}},"2":{"start":{"line":11,"column":0},"end":{"line":11,"column":54}}},"fnMap":{},"branchMap":{},"s":{"0":2,"1":2,"2":2},"f":{},"b":{},"_coverageSchema":"1a1c01bbd47fc00a2c39e90264f33305004495a9","hash":"351f7ba2cb57b676dc007ae14a9c206bdcda20b1"}
,"/Users/ver/Desktop/feriMag/RIRS/RIRS-1/backend/schemas/user.js": {"path":"/Users/ver/Desktop/feriMag/RIRS/RIRS-1/backend/schemas/user.js","statementMap":{"0":{"start":{"line":1,"column":17},"end":{"line":1,"column":36}},"1":{"start":{"line":3,"column":19},"end":{"line":20,"column":1}},"2":{"start":{"line":22,"column":0},"end":{"line":22,"column":52}}},"fnMap":{},"branchMap":{},"s":{"0":1,"1":1,"2":1},"f":{},"b":{},"_coverageSchema":"1a1c01bbd47fc00a2c39e90264f33305004495a9","hash":"4f6c51fcbe89994e00d521d7e28e6d9a3310eb7d"}
,"/Users/ver/Desktop/feriMag/RIRS/RIRS-1/backend/services/ExpensesService.js": {"path":"/Users/ver/Desktop/feriMag/RIRS/RIRS-1/backend/services/ExpensesService.js","statementMap":{"0":{"start":{"line":1,"column":16},"end":{"line":1,"column":45}},"1":{"start":{"line":7,"column":4},"end":{"line":7,"column":18}},"2":{"start":{"line":11,"column":4},"end":{"line":11,"column":80}},"3":{"start":{"line":15,"column":4},"end":{"line":18,"column":14}},"4":{"start":{"line":22,"column":4},"end":{"line":22,"column":45}},"5":{"start":{"line":26,"column":4},"end":{"line":28,"column":14}},"6":{"start":{"line":32,"column":4},"end":{"line":32,"column":60}},"7":{"start":{"line":36,"column":19},"end":{"line":45,"column":5}},"8":{"start":{"line":46,"column":17},"end":{"line":46,"column":19}},"9":{"start":{"line":47,"column":4},"end":{"line":68,"column":5}},"10":{"start":{"line":48,"column":16},"end":{"line":48,"column":18}},"11":{"start":{"line":49,"column":6},"end":{"line":49,"column":27}},"12":{"start":{"line":50,"column":6},"end":{"line":50,"column":31}},"13":{"start":{"line":51,"column":6},"end":{"line":51,"column":34}},"14":{"start":{"line":52,"column":6},"end":{"line":52,"column":39}},"15":{"start":{"line":53,"column":6},"end":{"line":53,"column":34}},"16":{"start":{"line":54,"column":6},"end":{"line":54,"column":37}},"17":{"start":{"line":55,"column":6},"end":{"line":59,"column":7}},"18":{"start":{"line":56,"column":8},"end":{"line":56,"column":40}},"19":{"start":{"line":58,"column":8},"end":{"line":58,"column":25}},"20":{"start":{"line":60,"column":6},"end":{"line":62,"column":54}},"21":{"start":{"line":63,"column":6},"end":{"line":63,"column":11}},"22":{"start":{"line":64,"column":6},"end":{"line":66,"column":54}},"23":{"start":{"line":67,"column":6},"end":{"line":67,"column":27}},"24":{"start":{"line":69,"column":17},"end":{"line":69,"column":33}},"25":{"start":{"line":70,"column":4},"end":{"line":70,"column":34}},"26":{"start":{"line":74,"column":0},"end":{"line":74,"column":32}}},"fnMap":{"0":{"name":"(anonymous_0)","decl":{"start":{"line":6,"column":2},"end":{"line":6,"column":3}},"loc":{"start":{"line":6,"column":18},"end":{"line":8,"column":3}},"line":6},"1":{"name":"(anonymous_1)","decl":{"start":{"line":10,"column":2},"end":{"line":10,"column":3}},"loc":{"start":{"line":10,"column":40},"end":{"line":12,"column":3}},"line":10},"2":{"name":"(anonymous_2)","decl":{"start":{"line":14,"column":2},"end":{"line":14,"column":3}},"loc":{"start":{"line":14,"column":21},"end":{"line":19,"column":3}},"line":14},"3":{"name":"(anonymous_3)","decl":{"start":{"line":21,"column":2},"end":{"line":21,"column":3}},"loc":{"start":{"line":21,"column":38},"end":{"line":23,"column":3}},"line":21},"4":{"name":"(anonymous_4)","decl":{"start":{"line":25,"column":2},"end":{"line":25,"column":3}},"loc":{"start":{"line":25,"column":34},"end":{"line":29,"column":3}},"line":25},"5":{"name":"(anonymous_5)","decl":{"start":{"line":31,"column":2},"end":{"line":31,"column":3}},"loc":{"start":{"line":31,"column":24},"end":{"line":33,"column":3}},"line":31},"6":{"name":"(anonymous_6)","decl":{"start":{"line":35,"column":2},"end":{"line":35,"column":3}},"loc":{"start":{"line":35,"column":32},"end":{"line":71,"column":3}},"line":35}},"branchMap":{"0":{"loc":{"start":{"line":10,"column":27},"end":{"line":10,"column":38}},"type":"default-arg","locations":[{"start":{"line":10,"column":36},"end":{"line":10,"column":38}}],"line":10},"1":{"loc":{"start":{"line":55,"column":6},"end":{"line":59,"column":7}},"type":"if","locations":[{"start":{"line":55,"column":6},"end":{"line":59,"column":7}},{"start":{"line":57,"column":13},"end":{"line":59,"column":7}}],"line":55}},"s":{"0":1,"1":0,"2":0,"3":0,"4":0,"5":0,"6":0,"7":0,"8":0,"9":0,"10":0,"11":0,"12":0,"13":0,"14":0,"15":0,"16":0,"17":0,"18":0,"19":0,"20":0,"21":0,"22":0,"23":0,"24":0,"25":0,"26":1},"f":{"0":0,"1":0,"2":0,"3":0,"4":0,"5":0,"6":0},"b":{"0":[0],"1":[0,0]},"_coverageSchema":"1a1c01bbd47fc00a2c39e90264f33305004495a9","hash":"13e525d743fa3a8a7056b04ac852491087f356eb"}
,"/Users/ver/Desktop/feriMag/RIRS/RIRS-1/backend/services/GroupService.js": {"path":"/Users/ver/Desktop/feriMag/RIRS/RIRS-1/backend/services/GroupService.js","statementMap":{"0":{"start":{"line":1,"column":14},"end":{"line":1,"column":41}},"1":{"start":{"line":7,"column":4},"end":{"line":7,"column":18}},"2":{"start":{"line":11,"column":4},"end":{"line":11,"column":57}},"3":{"start":{"line":15,"column":4},"end":{"line":15,"column":69}},"4":{"start":{"line":19,"column":4},"end":{"line":19,"column":41}},"5":{"start":{"line":23,"column":4},"end":{"line":25,"column":14}},"6":{"start":{"line":29,"column":4},"end":{"line":29,"column":58}},"7":{"start":{"line":33,"column":0},"end":{"line":33,"column":30}}},"fnMap":{"0":{"name":"(anonymous_0)","decl":{"start":{"line":6,"column":2},"end":{"line":6,"column":3}},"loc":{"start":{"line":6,"column":18},"end":{"line":8,"column":3}},"line":6},"1":{"name":"(anonymous_1)","decl":{"start":{"line":10,"column":2},"end":{"line":10,"column":3}},"loc":{"start":{"line":10,"column":27},"end":{"line":12,"column":3}},"line":10},"2":{"name":"(anonymous_2)","decl":{"start":{"line":14,"column":2},"end":{"line":14,"column":3}},"loc":{"start":{"line":14,"column":19},"end":{"line":16,"column":3}},"line":14},"3":{"name":"(anonymous_3)","decl":{"start":{"line":18,"column":2},"end":{"line":18,"column":3}},"loc":{"start":{"line":18,"column":34},"end":{"line":20,"column":3}},"line":18},"4":{"name":"(anonymous_4)","decl":{"start":{"line":22,"column":2},"end":{"line":22,"column":3}},"loc":{"start":{"line":22,"column":32},"end":{"line":26,"column":3}},"line":22},"5":{"name":"(anonymous_5)","decl":{"start":{"line":28,"column":2},"end":{"line":28,"column":3}},"loc":{"start":{"line":28,"column":22},"end":{"line":30,"column":3}},"line":28}},"branchMap":{},"s":{"0":1,"1":0,"2":0,"3":0,"4":0,"5":0,"6":0,"7":1},"f":{"0":0,"1":0,"2":0,"3":0,"4":0,"5":0},"b":{},"_coverageSchema":"1a1c01bbd47fc00a2c39e90264f33305004495a9","hash":"fedb4a2cf9012cce49a0d06419c8932727aa16f2"}
}
